<?xml version="1.0" encoding="UTF-8"?>
<!-- Generated by org.testng.reporters.JUnitReportReporter -->
<testsuite hostname="LAPTOP-9AARDL8A" failures="0" tests="3" name="TestScript.Homepagetest" time="7.677" errors="0" timestamp="19 Oct 2021 14:23:44 GMT" skipped="0">
  <testcase classname="TestScript.Homepagetest" name="Dresses" time="3.224"/>
  <testcase classname="TestScript.Homepagetest" name="women" time="1.809"/>
  <testcase classname="TestScript.Homepagetest" name="Tshirts" time="2.644"/>
</testsuite> <!-- TestScript.Homepagetest -->
