<?xml version="1.0" encoding="UTF-8"?>
<!-- Generated by org.testng.reporters.JUnitReportReporter -->
<testsuite hostname="LAPTOP-9AARDL8A" failures="0" tests="1" name="TestScript.TweetTest" time="3.009" errors="0" timestamp="22 Oct 2021 16:23:47 GMT" skipped="0">
  <testcase classname="TestScript.TweetTest" name="Tweeter" time="3.009"/>
</testsuite> <!-- TestScript.TweetTest -->
