<?xml version="1.0" encoding="UTF-8"?>
<!-- Generated by org.testng.reporters.JUnitReportReporter -->
<testsuite hostname="LAPTOP-9AARDL8A" failures="0" tests="3" name="TestScript.ValidmailTest" time="3.623" errors="0" timestamp="22 Oct 2021 07:33:49 GMT" skipped="0">
  <testcase classname="TestScript.ValidmailTest" name="entermailid" time="2.927"/>
  <testcase classname="TestScript.ValidmailTest" name="verifysucription" time="0.460"/>
  <testcase classname="TestScript.ValidmailTest" name="clickmailbox" time="0.236"/>
</testsuite> <!-- TestScript.ValidmailTest -->
