<?xml version="1.0" encoding="UTF-8"?>
<!-- Generated by org.testng.reporters.JUnitReportReporter -->
<testsuite hostname="LAPTOP-9AARDL8A" failures="0" tests="4" name="TestScript.SizeTest" time="20.760" errors="0" timestamp="22 Oct 2021 03:12:41 GMT" skipped="0">
  <testcase classname="TestScript.SizeTest" name="getSmall" time="0.581"/>
  <testcase classname="TestScript.SizeTest" name="getLarge" time="1.600"/>
  <testcase classname="TestScript.SizeTest" name="getmedium" time="0.611"/>
  <testcase classname="TestScript.SizeTest" name="clickWomentab" time="17.968"/>
</testsuite> <!-- TestScript.SizeTest -->
